0 info it worked if it ends with ok
1 verbose cli [ '/usr/bin/node', '/usr/bin/npm', 'install', 'nulter' ]
2 info using npm@1.4.28
3 info using node@v0.10.37
4 verbose node symlink /usr/bin/node
5 warn package.json app@0.0.7 No repository field.
6 warn package.json app@0.0.7 No README data
7 verbose readDependencies using package.json deps
8 verbose cache add [ 'nulter', null ]
9 verbose cache add name=undefined spec="nulter" args=["nulter",null]
10 verbose parsed url { protocol: null,
10 verbose parsed url   slashes: null,
10 verbose parsed url   auth: null,
10 verbose parsed url   host: null,
10 verbose parsed url   port: null,
10 verbose parsed url   hostname: null,
10 verbose parsed url   hash: null,
10 verbose parsed url   search: null,
10 verbose parsed url   query: null,
10 verbose parsed url   pathname: 'nulter',
10 verbose parsed url   path: 'nulter',
10 verbose parsed url   href: 'nulter' }
11 silly lockFile 4cd0387c-nulter nulter
12 verbose lock nulter /home/fred/.npm/4cd0387c-nulter.lock
13 silly lockFile 4cd0387c-nulter nulter
14 silly lockFile 4cd0387c-nulter nulter
15 verbose addNamed [ 'nulter', '' ]
16 verbose addNamed [ null, '*' ]
17 silly lockFile b7315241-nulter nulter@
18 verbose lock nulter@ /home/fred/.npm/b7315241-nulter.lock
19 silly addNameRange { name: 'nulter', range: '*', hasData: false }
20 verbose request where is /nulter
21 verbose request registry https://registry.npmjs.org/
22 verbose request id 0972652e9075b175
23 verbose url raw /nulter
24 verbose url resolving [ 'https://registry.npmjs.org/', './nulter' ]
25 verbose url resolved https://registry.npmjs.org/nulter
26 verbose request where is https://registry.npmjs.org/nulter
27 info trying registry request attempt 1 at 08:27:47
28 http GET https://registry.npmjs.org/nulter
29 http 404 https://registry.npmjs.org/nulter
30 verbose headers { date: 'Sun, 05 Apr 2015 12:27:48 GMT',
30 verbose headers   server: 'CouchDB/1.5.0 (Erlang OTP/R16B03)',
30 verbose headers   'content-type': 'application/json',
30 verbose headers   'cache-control': 'max-age=0',
30 verbose headers   'content-length': '51',
30 verbose headers   'accept-ranges': 'bytes',
30 verbose headers   via: '1.1 varnish',
30 verbose headers   age: '0',
30 verbose headers   'x-served-by': 'cache-atl6235-ATL',
30 verbose headers   'x-cache': 'MISS',
30 verbose headers   'x-cache-hits': '0',
30 verbose headers   'x-timer': 'S1428236868.057661,VS0,VE79',
30 verbose headers   'keep-alive': 'timeout=10, max=50',
30 verbose headers   connection: 'Keep-Alive' }
31 silly registry.get cb [ 404,
31 silly registry.get   { date: 'Sun, 05 Apr 2015 12:27:48 GMT',
31 silly registry.get     server: 'CouchDB/1.5.0 (Erlang OTP/R16B03)',
31 silly registry.get     'content-type': 'application/json',
31 silly registry.get     'cache-control': 'max-age=0',
31 silly registry.get     'content-length': '51',
31 silly registry.get     'accept-ranges': 'bytes',
31 silly registry.get     via: '1.1 varnish',
31 silly registry.get     age: '0',
31 silly registry.get     'x-served-by': 'cache-atl6235-ATL',
31 silly registry.get     'x-cache': 'MISS',
31 silly registry.get     'x-cache-hits': '0',
31 silly registry.get     'x-timer': 'S1428236868.057661,VS0,VE79',
31 silly registry.get     'keep-alive': 'timeout=10, max=50',
31 silly registry.get     connection: 'Keep-Alive' } ]
32 silly lockFile b7315241-nulter nulter@
33 silly lockFile b7315241-nulter nulter@
34 error 404 404 Not Found: nulter
34 error 404
34 error 404 'nulter' is not in the npm registry.
34 error 404 You should bug the author to publish it
34 error 404 It was specified as a dependency of 'app'
34 error 404
34 error 404 Note that you can also install from a
34 error 404 tarball, folder, or http url, or git url.
35 error System Linux 3.13.0-48-generic
36 error command "/usr/bin/node" "/usr/bin/npm" "install" "nulter"
37 error cwd /home/fred/Dropbox/Courses/CSC591/deploy/App
38 error node -v v0.10.37
39 error npm -v 1.4.28
40 error code E404
41 verbose exit [ 1, true ]
